[debug] [2019-12-16T16:41:27.621Z] ----------------------------------------------------------------------
[debug] [2019-12-16T16:41:27.626Z] Command:       C:\Program Files\nodejs\node.exe C:\Users\Josiah\AppData\Roaming\npm\node_modules\firebase-tools\lib\bin\firebase.js init
[debug] [2019-12-16T16:41:27.627Z] CLI Version:   7.10.0
[debug] [2019-12-16T16:41:27.627Z] Platform:      win32
[debug] [2019-12-16T16:41:27.627Z] Node Version:  v10.15.3
[debug] [2019-12-16T16:41:27.630Z] Time:          Mon Dec 16 2019 17:41:27 GMT+0100 (Central European Standard Time)
[debug] [2019-12-16T16:41:27.630Z] ----------------------------------------------------------------------
[debug] [2019-12-16T16:41:27.630Z] 
[debug] [2019-12-16T16:41:27.652Z] > command requires scopes: ["email","openid","https://www.googleapis.com/auth/cloudplatformprojects.readonly","https://www.googleapis.com/auth/firebase","https://www.googleapis.com/auth/cloud-platform"]
[debug] [2019-12-16T16:41:27.654Z] > authorizing via signed-in user
[info] 
     ######## #### ########  ######## ########     ###     ######  ########
     ##        ##  ##     ## ##       ##     ##  ##   ##  ##       ##
     ######    ##  ########  ######   ########  #########  ######  ######
     ##        ##  ##    ##  ##       ##     ## ##     ##       ## ##
     ##       #### ##     ## ######## ########  ##     ##  ######  ########

You're about to initialize a Firebase project in this directory:

  C:\Users\Josiah\Documents\firebase todo

Before we get started, keep in mind:

  * You are initializing in an existing Firebase project directory

